2023-09-04 03:44:08,774 [main] INFO c.n.m.Customer [Customer.java:26] - com.nhnacademy.mart.BuyList@6913c1fb
2023-09-04 03:44:08,779 [main] INFO c.n.m.Customer [Counter.java:15] - 총 가격은 6500원 입니다
2023-09-04 03:48:17,515 [main] INFO c.n.m.NhnMart [NhnMartShell.java:39] - 양파: 2
2023-09-04 03:48:17,519 [main] INFO c.n.m.NhnMart [NhnMartShell.java:39] - 계란: 2
2023-09-04 03:48:17,519 [main] INFO c.n.m.NhnMart [NhnMartShell.java:39] - 파: 4
2023-09-04 03:48:17,522 [main] INFO c.n.m.Customer [Counter.java:15] - 총 가격은 6500원 입니다
2023-09-04 03:52:03,785 [main] INFO c.n.m.NhnMart [NhnMartShell.java:39] - 양파: 2
2023-09-04 03:52:03,790 [main] INFO c.n.m.NhnMart [NhnMartShell.java:39] - 계란: 2
2023-09-04 03:52:03,790 [main] INFO c.n.m.NhnMart [NhnMartShell.java:39] - 파: 4
2023-09-04 03:52:03,792 [main] INFO c.n.m.Customer [Counter.java:15] - 총 가격은 14000원 입니다
2023-09-04 03:52:53,119 [main] INFO c.n.m.NhnMart [NhnMartShell.java:34] - NHN 마트에 오신 것을 환영합니다. 사고 싶은 물건을 골라주세요.

2023-09-04 03:52:58,543 [main] INFO c.n.m.NhnMart [NhnMartShell.java:40] - 양파: 2
2023-09-04 03:52:58,544 [main] INFO c.n.m.NhnMart [NhnMartShell.java:40] - 계란: 2
2023-09-04 03:52:58,544 [main] INFO c.n.m.NhnMart [NhnMartShell.java:40] - 파: 4
2023-09-04 03:52:58,546 [main] INFO c.n.m.Customer [Counter.java:15] - 총 가격은 14000원 입니다
2023-09-04 03:53:26,125 [main] INFO c.n.m.NhnMart [NhnMartShell.java:40] - 양파: 2
2023-09-04 03:53:26,129 [main] INFO c.n.m.NhnMart [NhnMartShell.java:40] - 계란: 2
2023-09-04 03:53:26,129 [main] INFO c.n.m.NhnMart [NhnMartShell.java:40] - 파: 4
2023-09-04 03:53:26,131 [main] INFO c.n.m.Customer [Counter.java:15] - 총 가격은 14000원 입니다
2023-09-04 03:57:30,514 [main] INFO c.n.m.NhnMart [NhnMartShell.java:40] - 양파: 2
2023-09-04 03:57:30,519 [main] INFO c.n.m.NhnMart [NhnMartShell.java:40] - 계란: 2
2023-09-04 03:57:30,519 [main] INFO c.n.m.NhnMart [NhnMartShell.java:40] - 파: 4
2023-09-04 03:57:30,522 [main] INFO c.n.m.Customer [Counter.java:18] - 총 14000원
2023-09-04 03:57:56,271 [main] INFO c.n.m.NhnMart [NhnMartShell.java:40] - 양파: 2
2023-09-04 03:57:56,275 [main] INFO c.n.m.NhnMart [NhnMartShell.java:40] - 계란: 2
2023-09-04 03:57:56,275 [main] INFO c.n.m.NhnMart [NhnMartShell.java:40] - 파: 4
2023-09-04 03:57:56,278 [main] INFO c.n.m.Counter [Counter.java:18] - 총 14000원
2023-09-04 04:00:03,439 [main] INFO c.n.m.NhnMart [NhnMartShell.java:40] - 양파: 2
2023-09-04 04:00:03,443 [main] INFO c.n.m.NhnMart [NhnMartShell.java:40] - 계란: 2
2023-09-04 04:00:03,443 [main] INFO c.n.m.NhnMart [NhnMartShell.java:40] - 파: 4
2023-09-04 04:00:03,445 [main] INFO c.n.m.Counter [Counter.java:16] - 총 14000원
2023-09-04 04:00:32,507 [main] INFO c.n.m.NhnMart [NhnMartShell.java:40] - 양파: 2
2023-09-04 04:00:32,519 [main] INFO c.n.m.NhnMart [NhnMartShell.java:40] - 계란: 2
2023-09-04 04:00:32,520 [main] INFO c.n.m.NhnMart [NhnMartShell.java:40] - 파: 4
2023-09-04 04:00:32,524 [main] INFO c.n.m.Counter [Counter.java:16] - 총 14000원
2023-09-04 04:00:32,527 [main] INFO c.n.m.Customer [Customer.java:40] - 잔돈 : 6000
2023-09-04 04:00:45,114 [main] INFO c.n.m.NhnMart [NhnMartShell.java:40] - 양파: 2
2023-09-04 04:00:45,118 [main] INFO c.n.m.NhnMart [NhnMartShell.java:40] - 계란: 10
2023-09-04 04:00:45,118 [main] INFO c.n.m.NhnMart [NhnMartShell.java:40] - 파: 4
2023-09-04 04:01:36,295 [main] INFO c.n.m.NhnMart [NhnMartShell.java:40] - 양파: 2
2023-09-04 04:01:36,300 [main] INFO c.n.m.NhnMart [NhnMartShell.java:40] - 계란: 5
2023-09-04 04:01:36,300 [main] INFO c.n.m.NhnMart [NhnMartShell.java:40] - 파: 4
2023-09-04 04:01:36,302 [main] WARN c.n.m.Counter [Counter.java:13] - 돈을 초과하는 상품 구매
2023-09-04 04:10:35,371 [main] INFO c.n.m.Counter [Counter.java:16] - 총 14000원
2023-09-04 04:10:35,380 [main] INFO c.n.m.Customer [Customer.java:37] - 잔돈 : 6000
2023-09-04 04:11:54,182 [main] INFO c.n.m.Counter [Counter.java:16] - 총 14000원
2023-09-04 04:11:54,187 [main] INFO c.n.m.Customer [Customer.java:37] - 잔돈 : 6000
2023-09-04 04:15:18,191 [main] INFO c.n.m.Counter [Counter.java:16] - 총 20000원
2023-09-04 04:15:18,196 [main] INFO c.n.m.Customer [Customer.java:37] - 잔돈 : 0
2023-09-04 04:15:32,056 [main] WARN c.n.m.Counter [Counter.java:13] - 돈을 초과하는 상품 구매
2023-09-04 04:15:57,493 [main] INFO c.n.m.Counter [Counter.java:16] - 총 14000원
2023-09-04 04:15:57,507 [main] INFO c.n.m.Customer [Customer.java:37] - 잔돈 : 6000
2023-09-04 04:15:57,539 [main] WARN c.n.m.Counter [Counter.java:13] - 돈을 초과하는 상품 구매
2023-09-04 04:18:15,024 [main] INFO c.n.m.Counter [Counter.java:16] - 총 14000원
2023-09-04 04:18:15,029 [main] INFO c.n.m.Customer [Customer.java:37] - 잔돈 : 6000
2023-09-04 04:18:15,039 [main] INFO c.n.m.Counter [Counter.java:16] - 총 2000원
2023-09-04 04:18:15,039 [main] INFO c.n.m.Customer [Customer.java:37] - 잔돈 : 18000
2023-09-04 04:18:15,041 [main] INFO c.n.m.Counter [Counter.java:16] - 총 0원
2023-09-04 04:18:15,042 [main] INFO c.n.m.Customer [Customer.java:37] - 잔돈 : 20000
2023-09-04 04:18:15,045 [main] WARN c.n.m.Counter [Counter.java:13] - 돈을 초과하는 상품 구매
